<?xml version="1.0" encoding="UTF-8"?>
<coverage generated="1734977666794" clover="3.2.0">
  <project timestamp="1734977666794" name="All files">
    <metrics statements="25" coveredstatements="25" conditionals="11" coveredconditionals="11" methods="3" coveredmethods="3" elements="39" coveredelements="39" complexity="0" loc="25" ncloc="25" packages="2" files="2" classes="2"/>
    <package name="application">
      <metrics statements="16" coveredstatements="16" conditionals="9" coveredconditionals="9" methods="1" coveredmethods="1"/>
      <file name="user-registration.usecase.js" path="/Users/muterle/workspace/studying/clean-architecture-js/src/application/user-registration.usecase.js">
        <metrics statements="16" coveredstatements="16" conditionals="9" coveredconditionals="9" methods="1" coveredmethods="1"/>
        <line num="1" count="1" type="stmt"/>
        <line num="2" count="1" type="stmt"/>
        <line num="3" count="1" type="cond" truecount="1" falsecount="0"/>
        <line num="4" count="3" type="cond" truecount="1" falsecount="0"/>
        <line num="5" count="1" type="stmt"/>
        <line num="6" count="1" type="cond" truecount="1" falsecount="0"/>
        <line num="7" count="2" type="stmt"/>
        <line num="8" count="2" type="cond" truecount="1" falsecount="0"/>
        <line num="9" count="2" type="cond" truecount="4" falsecount="0"/>
        <line num="10" count="2" type="cond" truecount="1" falsecount="0"/>
        <line num="11" count="1" type="stmt"/>
        <line num="12" count="1" type="stmt"/>
        <line num="13" count="1" type="stmt"/>
        <line num="14" count="1" type="stmt"/>
        <line num="15" count="2" type="stmt"/>
        <line num="16" count="2" type="stmt"/>
      </file>
    </package>
    <package name="shared.errors">
      <metrics statements="9" coveredstatements="9" conditionals="2" coveredconditionals="2" methods="2" coveredmethods="2"/>
      <file name="AppError.js" path="/Users/muterle/workspace/studying/clean-architecture-js/src/shared/errors/AppError.js">
        <metrics statements="9" coveredstatements="9" conditionals="2" coveredconditionals="2" methods="2" coveredmethods="2"/>
        <line num="1" count="1" type="stmt"/>
        <line num="2" count="1" type="cond" truecount="1" falsecount="0"/>
        <line num="3" count="3" type="stmt"/>
        <line num="4" count="3" type="stmt"/>
        <line num="5" count="3" type="stmt"/>
        <line num="6" count="1" type="stmt"/>
        <line num="7" count="1" type="stmt"/>
        <line num="8" count="1" type="cond" truecount="1" falsecount="0"/>
        <line num="9" count="1" type="stmt"/>
      </file>
    </package>
  </project>
</coverage>
