{"/Users/muterle/workspace/studying/clean-architecture-js/src/application/user-registration.usecase.js": {"path":"/Users/muterle/workspace/studying/clean-architecture-js/src/application/user-registration.usecase.js","all":false,"statementMap":{"0":{"start":{"line":1,"column":0},"end":{"line":1,"column":54}},"1":{"start":{"line":2,"column":0},"end":{"line":2,"column":0}},"2":{"start":{"line":3,"column":0},"end":{"line":3,"column":72}},"3":{"start":{"line":4,"column":0},"end":{"line":4,"column":66}},"4":{"start":{"line":5,"column":0},"end":{"line":5,"column":0}},"5":{"start":{"line":6,"column":0},"end":{"line":6,"column":69}},"6":{"start":{"line":7,"column":0},"end":{"line":7,"column":68}},"7":{"start":{"line":8,"column":0},"end":{"line":8,"column":71}},"8":{"start":{"line":9,"column":0},"end":{"line":9,"column":0}},"9":{"start":{"line":10,"column":0},"end":{"line":10,"column":70}},"10":{"start":{"line":11,"column":0},"end":{"line":11,"column":77}},"11":{"start":{"line":12,"column":0},"end":{"line":12,"column":0}},"12":{"start":{"line":13,"column":0},"end":{"line":13,"column":76}},"13":{"start":{"line":14,"column":0},"end":{"line":14,"column":4}},"14":{"start":{"line":15,"column":0},"end":{"line":15,"column":2}}},"s":{"0":1,"1":1,"2":1,"3":4,"4":3,"5":3,"6":3,"7":3,"8":2,"9":2,"10":3,"11":1,"12":1,"13":3,"14":3},"branchMap":{"0":{"type":"branch","line":3,"loc":{"start":{"line":3,"column":17},"end":{"line":15,"column":2}},"locations":[{"start":{"line":3,"column":17},"end":{"line":15,"column":2}}]},"1":{"type":"branch","line":4,"loc":{"start":{"line":4,"column":24},"end":{"line":4,"column":66}},"locations":[{"start":{"line":4,"column":24},"end":{"line":4,"column":66}}]},"2":{"type":"branch","line":4,"loc":{"start":{"line":4,"column":65},"end":{"line":15,"column":2}},"locations":[{"start":{"line":4,"column":65},"end":{"line":15,"column":2}}]},"3":{"type":"branch","line":6,"loc":{"start":{"line":6,"column":9},"end":{"line":14,"column":3}},"locations":[{"start":{"line":6,"column":9},"end":{"line":14,"column":3}}]},"4":{"type":"branch","line":7,"loc":{"start":{"line":7,"column":31},"end":{"line":7,"column":38}},"locations":[{"start":{"line":7,"column":31},"end":{"line":7,"column":38}}]},"5":{"type":"branch","line":7,"loc":{"start":{"line":7,"column":38},"end":{"line":7,"column":47}},"locations":[{"start":{"line":7,"column":38},"end":{"line":7,"column":47}}]},"6":{"type":"branch","line":7,"loc":{"start":{"line":7,"column":47},"end":{"line":7,"column":58}},"locations":[{"start":{"line":7,"column":47},"end":{"line":7,"column":58}}]},"7":{"type":"branch","line":7,"loc":{"start":{"line":7,"column":58},"end":{"line":7,"column":67}},"locations":[{"start":{"line":7,"column":58},"end":{"line":7,"column":67}}]},"8":{"type":"branch","line":8,"loc":{"start":{"line":8,"column":20},"end":{"line":8,"column":71}},"locations":[{"start":{"line":8,"column":20},"end":{"line":8,"column":71}}]},"9":{"type":"branch","line":8,"loc":{"start":{"line":8,"column":70},"end":{"line":11,"column":30}},"locations":[{"start":{"line":8,"column":70},"end":{"line":11,"column":30}}]},"10":{"type":"branch","line":11,"loc":{"start":{"line":11,"column":30},"end":{"line":14,"column":3}},"locations":[{"start":{"line":11,"column":30},"end":{"line":14,"column":3}}]}},"b":{"0":[4],"1":[1],"2":[3],"3":[3],"4":[2],"5":[2],"6":[2],"7":[2],"8":[1],"9":[2],"10":[1]},"fnMap":{"0":{"name":"UserRegistrationUseCase","decl":{"start":{"line":3,"column":17},"end":{"line":15,"column":2}},"loc":{"start":{"line":3,"column":17},"end":{"line":15,"column":2}},"line":3}},"f":{"0":4}}
,"/Users/muterle/workspace/studying/clean-architecture-js/src/shared/errors/AppError.js": {"path":"/Users/muterle/workspace/studying/clean-architecture-js/src/shared/errors/AppError.js","all":false,"statementMap":{"0":{"start":{"line":1,"column":0},"end":{"line":1,"column":47}},"1":{"start":{"line":2,"column":0},"end":{"line":2,"column":24}},"2":{"start":{"line":3,"column":0},"end":{"line":3,"column":19}},"3":{"start":{"line":4,"column":0},"end":{"line":4,"column":27}},"4":{"start":{"line":5,"column":0},"end":{"line":5,"column":3}},"5":{"start":{"line":6,"column":0},"end":{"line":6,"column":0}},"6":{"start":{"line":7,"column":0},"end":{"line":7,"column":50}},"7":{"start":{"line":8,"column":0},"end":{"line":8,"column":60}},"8":{"start":{"line":9,"column":0},"end":{"line":9,"column":51}},"9":{"start":{"line":10,"column":0},"end":{"line":10,"column":2}}},"s":{"0":1,"1":1,"2":4,"3":4,"4":4,"5":1,"6":1,"7":1,"8":1,"9":1},"branchMap":{"0":{"type":"branch","line":2,"loc":{"start":{"line":2,"column":2},"end":{"line":5,"column":3}},"locations":[{"start":{"line":2,"column":2},"end":{"line":5,"column":3}}]},"1":{"type":"branch","line":9,"loc":{"start":{"line":9,"column":2},"end":{"line":9,"column":50}},"locations":[{"start":{"line":9,"column":2},"end":{"line":9,"column":50}}]}},"b":{"0":[4],"1":[2]},"fnMap":{"0":{"name":"AppError","decl":{"start":{"line":2,"column":2},"end":{"line":5,"column":3}},"loc":{"start":{"line":2,"column":2},"end":{"line":5,"column":3}},"line":2},"1":{"name":"<static_initializer>","decl":{"start":{"line":9,"column":2},"end":{"line":9,"column":50}},"loc":{"start":{"line":9,"column":2},"end":{"line":9,"column":50}},"line":9}},"f":{"0":4,"1":2}}
}
