{"/Users/muterle/workspace/studying/clean-architecture-js/src/application/user-registration.usecase.js": {"path":"/Users/muterle/workspace/studying/clean-architecture-js/src/application/user-registration.usecase.js","all":false,"statementMap":{"0":{"start":{"line":1,"column":0},"end":{"line":1,"column":54}},"1":{"start":{"line":2,"column":0},"end":{"line":2,"column":0}},"2":{"start":{"line":3,"column":0},"end":{"line":3,"column":72}},"3":{"start":{"line":4,"column":0},"end":{"line":4,"column":25}},"4":{"start":{"line":5,"column":0},"end":{"line":5,"column":46}},"5":{"start":{"line":6,"column":0},"end":{"line":6,"column":3}},"6":{"start":{"line":7,"column":0},"end":{"line":7,"column":0}},"7":{"start":{"line":8,"column":0},"end":{"line":8,"column":69}},"8":{"start":{"line":9,"column":0},"end":{"line":9,"column":76}},"9":{"start":{"line":10,"column":0},"end":{"line":10,"column":4}},"10":{"start":{"line":11,"column":0},"end":{"line":11,"column":2}}},"s":{"0":1,"1":1,"2":1,"3":2,"4":1,"5":1,"6":1,"7":1,"8":1,"9":1,"10":1},"branchMap":{"0":{"type":"branch","line":3,"loc":{"start":{"line":3,"column":17},"end":{"line":11,"column":2}},"locations":[{"start":{"line":3,"column":17},"end":{"line":11,"column":2}}]},"1":{"type":"branch","line":4,"loc":{"start":{"line":4,"column":24},"end":{"line":11,"column":2}},"locations":[{"start":{"line":4,"column":24},"end":{"line":11,"column":2}}]},"2":{"type":"branch","line":8,"loc":{"start":{"line":8,"column":9},"end":{"line":10,"column":3}},"locations":[{"start":{"line":8,"column":9},"end":{"line":10,"column":3}}]}},"b":{"0":[2],"1":[1],"2":[1]},"fnMap":{"0":{"name":"UserRegistrationUseCase","decl":{"start":{"line":3,"column":17},"end":{"line":11,"column":2}},"loc":{"start":{"line":3,"column":17},"end":{"line":11,"column":2}},"line":3}},"f":{"0":2}}
,"/Users/muterle/workspace/studying/clean-architecture-js/src/shared/errors/AppError.js": {"path":"/Users/muterle/workspace/studying/clean-architecture-js/src/shared/errors/AppError.js","all":false,"statementMap":{"0":{"start":{"line":1,"column":0},"end":{"line":1,"column":47}},"1":{"start":{"line":2,"column":0},"end":{"line":2,"column":24}},"2":{"start":{"line":3,"column":0},"end":{"line":3,"column":19}},"3":{"start":{"line":4,"column":0},"end":{"line":4,"column":27}},"4":{"start":{"line":5,"column":0},"end":{"line":5,"column":3}},"5":{"start":{"line":6,"column":0},"end":{"line":6,"column":0}},"6":{"start":{"line":7,"column":0},"end":{"line":7,"column":50}},"7":{"start":{"line":8,"column":0},"end":{"line":8,"column":2}}},"s":{"0":1,"1":1,"2":1,"3":1,"4":1,"5":1,"6":1,"7":1},"branchMap":{"0":{"type":"branch","line":2,"loc":{"start":{"line":2,"column":2},"end":{"line":5,"column":3}},"locations":[{"start":{"line":2,"column":2},"end":{"line":5,"column":3}}]},"1":{"type":"branch","line":7,"loc":{"start":{"line":7,"column":2},"end":{"line":7,"column":49}},"locations":[{"start":{"line":7,"column":2},"end":{"line":7,"column":49}}]}},"b":{"0":[1],"1":[1]},"fnMap":{"0":{"name":"AppError","decl":{"start":{"line":2,"column":2},"end":{"line":5,"column":3}},"loc":{"start":{"line":2,"column":2},"end":{"line":5,"column":3}},"line":2},"1":{"name":"<static_initializer>","decl":{"start":{"line":7,"column":2},"end":{"line":7,"column":49}},"loc":{"start":{"line":7,"column":2},"end":{"line":7,"column":49}},"line":7}},"f":{"0":1,"1":1}}
}
