TN:
SF:src/application/find-user-by-cpf.usecase.js
FN:3,findUserByCpfUseCase
FNF:1
FNH:1
FNDA:2,findUserByCpfUseCase
DA:1,1
DA:2,1
DA:3,1
DA:4,2
DA:5,2
DA:6,2
DA:7,2
DA:8,2
DA:9,2
DA:10,2
DA:11,2
LF:11
LH:11
BRDA:3,0,0,2
BRDA:4,1,0,0
BRDA:6,2,0,2
BRF:3
BRH:2
end_of_record
TN:
SF:src/application/user-registration.usecase.js
FN:4,UserRegistrationUseCase
FNF:1
FNH:1
FNDA:5,UserRegistrationUseCase
DA:1,1
DA:2,1
DA:3,1
DA:4,1
DA:5,5
DA:6,4
DA:7,4
DA:8,4
DA:9,4
DA:10,3
DA:11,3
DA:12,4
DA:13,2
DA:14,2
DA:15,4
DA:16,1
DA:17,1
DA:18,1
DA:19,1
DA:20,4
DA:21,4
LF:21
LH:21
BRDA:4,0,0,5
BRDA:5,1,0,1
BRDA:5,2,0,4
BRDA:7,3,0,4
BRDA:8,4,0,3
BRDA:8,5,0,3
BRDA:8,6,0,3
BRDA:8,7,0,3
BRDA:9,8,0,1
BRDA:9,9,0,3
BRDA:12,10,0,1
BRDA:12,11,0,2
BRDA:15,12,0,1
BRF:13
BRH:13
end_of_record
TN:
SF:src/shared/errors/AppError.js
FN:2,AppError
FN:9,<static_initializer>
FNF:2
FNH:2
FNDA:3,AppError
FNDA:3,<static_initializer>
DA:1,1
DA:2,1
DA:3,3
DA:4,3
DA:5,3
DA:6,1
DA:7,1
DA:8,1
DA:9,1
DA:10,1
LF:10
LH:10
BRDA:2,0,0,3
BRDA:9,1,0,3
BRF:2
BRH:2
end_of_record
TN:
SF:src/shared/errors/Either.js
FN:5,Either
FN:10,Left
FN:14,Right
FN:18,valueAlreadyRegistered
FNF:4
FNH:4
FNDA:5,Either
FNDA:2,Left
FNDA:3,Right
FNDA:4,valueAlreadyRegistered
DA:1,1
DA:2,1
DA:3,1
DA:4,1
DA:5,1
DA:6,5
DA:7,5
DA:8,5
DA:9,1
DA:10,1
DA:11,2
DA:12,2
DA:13,1
DA:14,1
DA:15,3
DA:16,3
DA:17,1
DA:18,1
DA:19,4
DA:20,4
DA:21,1
LF:21
LH:21
BRDA:5,0,0,5
BRDA:10,1,0,2
BRDA:14,2,0,3
BRDA:18,3,0,4
BRF:4
BRH:4
end_of_record
TN:
SF:src/shared/errors/index.js
FNF:0
FNH:0
DA:1,1
DA:2,1
DA:3,1
DA:4,1
LF:4
LH:4
BRF:0
BRH:0
end_of_record
