TN:
SF:src/application/user-registration.usecase.js
FN:3,UserRegistrationUseCase
FNF:1
FNH:1
FNDA:2,UserRegistrationUseCase
DA:1,1
DA:2,1
DA:3,1
DA:4,2
DA:5,1
DA:6,1
DA:7,1
DA:8,1
DA:9,1
DA:10,1
DA:11,1
LF:11
LH:11
BRDA:3,0,0,2
BRDA:4,1,0,1
BRDA:8,2,0,1
BRF:3
BRH:3
end_of_record
TN:
SF:src/shared/errors/AppError.js
FN:2,AppError
FN:7,<static_initializer>
FNF:2
FNH:2
FNDA:1,AppError
FNDA:1,<static_initializer>
DA:1,1
DA:2,1
DA:3,1
DA:4,1
DA:5,1
DA:6,1
DA:7,1
DA:8,1
LF:8
LH:8
BRDA:2,0,0,1
BRDA:7,1,0,1
BRF:2
BRH:2
end_of_record
